<?xml version="1.0" encoding="UTF-8"?>
<!-- Generated by org.testng.reporters.JUnitReportReporter -->
<testsuite hostname="LTIN487105" failures="0" tests="2" name="testNg.testng" time="0.007" errors="0" timestamp="2024-03-19T15:55:22 IST" skipped="0">
  <testcase classname="testNg.testng" name="input" time="0.006"/>
  <testcase classname="testNg.testng" name="clickmethods" time="0.001"/>
</testsuite> <!-- testNg.testng -->
