<?xml version="1.0" encoding="UTF-8"?>
<!-- Generated by org.testng.reporters.JUnitReportReporter -->
<testsuite hostname="LTIN487105" failures="0" tests="1" name="NewTest" time="0.013" errors="0" timestamp="2024-03-19T15:54:38 IST" skipped="0">
  <testcase classname="NewTest" name="f" time="0.013"/>
</testsuite> <!-- NewTest -->
